<?xml version="1.0" encoding="UTF-8"?>
<!-- Generated by org.testng.reporters.JUnitReportReporter -->
<testsuite skipped="0" hostname="Vinay-PC" name="com.test.TestNGfeatures" tests="4" failures="0" timestamp="07 May 2019 14:15:05 GMT" time="0.026" errors="0">
  <testcase name="HomePageTest" time="0.004" classname="com.test.TestNGfeatures"/>
  <testcase name="SearchPageTest" time="0.002" classname="com.test.TestNGfeatures"/>
  <testcase name="LoginTest" time="0.018" classname="com.test.TestNGfeatures"/>
  <testcase name="RegPageTest" time="0.002" classname="com.test.TestNGfeatures"/>
</testsuite> <!-- com.test.TestNGfeatures -->
