<?xml version="1.0" encoding="UTF-8"?>
<!-- Generated by org.testng.reporters.JUnitReportReporter -->
<testsuite skipped="0" hostname="Vinay-PC" name="com.test.InvocationCountTest" tests="10" failures="0" timestamp="07 May 2019 14:20:07 GMT" time="0.042" errors="0">
  <testcase name="sum" time="0.005" classname="com.test.InvocationCountTest"/>
  <testcase name="sum" time="0.000" classname="com.test.InvocationCountTest"/>
  <testcase name="sum" time="0.020" classname="com.test.InvocationCountTest"/>
  <testcase name="sum" time="0.000" classname="com.test.InvocationCountTest"/>
  <testcase name="sum" time="0.000" classname="com.test.InvocationCountTest"/>
  <testcase name="sum" time="0.005" classname="com.test.InvocationCountTest"/>
  <testcase name="sum" time="0.000" classname="com.test.InvocationCountTest"/>
  <testcase name="sum" time="0.005" classname="com.test.InvocationCountTest"/>
  <testcase name="sum" time="0.007" classname="com.test.InvocationCountTest"/>
  <testcase name="sum" time="0.000" classname="com.test.InvocationCountTest"/>
</testsuite> <!-- com.test.InvocationCountTest -->
