<?xml version="1.0" encoding="UTF-8"?>
<!-- Generated by org.testng.reporters.JUnitReportReporter -->
<testsuite skipped="0" hostname="Vinay-PC" name="com.test.ExceptionTimeOut" tests="1" failures="0" timestamp="07 May 2019 14:42:10 GMT" time="0.014" errors="0">
  <testcase name="test1" time="0.014" classname="com.test.ExceptionTimeOut"/>
</testsuite> <!-- com.test.ExceptionTimeOut -->
