<?xml version="1.0" encoding="UTF-8"?>
<!-- Generated by org.testng.reporters.JUnitReportReporter -->
<testsuite skipped="0" hostname="Vinay-PC" name="com.test.TestNGBasics" tests="3" failures="0" timestamp="07 May 2019 10:10:50 GMT" time="0.039" errors="0">
  <testcase name="googleLogoTest" time="0.007" classname="com.test.TestNGBasics"/>
  <testcase name="SearchTest" time="0.011" classname="com.test.TestNGBasics"/>
  <testcase name="googleTitleTest" time="0.021" classname="com.test.TestNGBasics"/>
</testsuite> <!-- com.test.TestNGBasics -->
