<?xml version="1.0" encoding="UTF-8"?>
<!-- Generated by org.testng.reporters.JUnitReportReporter -->
<testsuite skipped="0" hostname="Vinay-PC" name="com.test.GoogleTest" tests="6" failures="0" timestamp="10 May 2019 06:25:18 GMT" time="178.654" errors="0">
  <testcase name="GoogleTitleTest" time="93.150" classname="com.test.GoogleTest"/>
  <testcase name="GoogleLogoTest" time="10.682" classname="com.test.GoogleTest"/>
  <testcase name="MailLinkTest" time="9.847" classname="com.test.GoogleTest"/>
  <testcase name="Test1" time="15.153" classname="com.test.GoogleTest"/>
  <testcase name="Test2" time="40.115" classname="com.test.GoogleTest"/>
  <testcase name="Test3" time="9.707" classname="com.test.GoogleTest"/>
</testsuite> <!-- com.test.GoogleTest -->
