<?xml version="1.0" encoding="UTF-8"?>
<!-- Generated by org.testng.reporters.JUnitReportReporter -->
<testsuite skipped="0" hostname="Vinay-PC" name="com.test.GoogleTitleTest" tests="2" failures="0" timestamp="07 May 2019 15:35:01 GMT" time="27.775" errors="0">
  <testcase name="GoogleLogoTest" time="17.890" classname="com.test.GoogleTitleTest"/>
  <testcase name="GoogleTitleTest" time="9.885" classname="com.test.GoogleTitleTest"/>
</testsuite> <!-- com.test.GoogleTitleTest -->
